sending incremental file list
rsync: change_dir "/data2/video/kepuChina4" failed: No such file or directory (2)
rsync: change_dir#3 "/data2/video" failed: No such file or directory (2)
rsync error: errors selecting input/output files, dirs (code 3) at main.c(625) [Receiver=3.0.9]
rsync: connection unexpectedly closed (9 bytes received so far) [sender]
rsync error: error in rsync protocol data stream (code 12) at io.c(605) [sender=3.0.9]
sending incremental file list
1000
11.txt
123.txt
15
2019-04-03_disk.log
a.txt
account_ip.sh
bc
canshu1.sh
canshu2.sh
canshu3.sh
canshu4.sh
canshu5.sh
case1.sh
cccc.sh
changename.sh
color.sh
cpvideo.sh
create_user.sh
date.sh
deletemysqldata.sh
df_time.sh
disk.txt
disk_info.sh
dtvs_log_backup.sh
es-index-clear.sh
for1.sh
for2.sh
for3.sh
for4.sh
for_words.sh
ftpdownload.sh
guess.sh
http_code.sh
httpd_mysql.sh
httpd_status.sh
if1.sh
if2.sh
if3.sh
log.log
ls.log
mail.py
mysql_backup.sh
mysql_backup2.sh
mysql_status.sh
network.sh
nginx_http.sh
nginx_ip_count.sh
nohup.out
ping.sh
port.sh
read.sh
rule.sh
split_redis_ip.sh
status.txt
system.sh
t.sh
tar_sh.sh
test.sh
test.txt
total_mem.sh
until1.sh
user.sh
user_file
user_passwd.sh
useradd.sh
web_monitor.sh
while1.sh
who.sh
xcall.sh
xrsync.sh
xssh-copy-id.sh
zhengshu.sh
100practice/
100practice/.log
100practice/1.log
100practice/1.sh
100practice/1.txt
100practice/10.sh
100practice/11.sh
100practice/12.sh
100practice/2.sh
100practice/3.sh
100practice/38.sh
100practice/6.sh
100practice/9.sh
100practice/nohup.out
testmvname/
testmvname/20190522103000_BTV-KAKU少儿.xml
testmvname/20190522103000_北京卫视高清.xml
testmvname/20190522103001_CCTV-10高清.xml
testmvname/20190522103001_CCTV-11戏曲.xml
testmvname/20190522103001_CCTV-12高清.xml
testmvname/20190522103001_CCTV-13新闻.xml
testmvname/20190522103001_CCTV-14高清.xml
testmvname/20190522103001_CCTV-15音乐.xml
testmvname/20190522103001_CCTV-1高清.xml
testmvname/20190522103001_CCTV-2高清.xml
testmvname/20190522103001_CCTV-3高清.xml
testmvname/20190522103001_CCTV-4中文国际.xml
testmvname/20190522103001_CCTV-5+.xml
testmvname/20190522103001_CCTV-5高清.xml
testmvname/20190522103001_CCTV-6高清.xml
testmvname/20190522103001_CCTV-7高清.xml
testmvname/20190522103001_CCTV-8高清.xml
testmvname/20190522103001_CCTV-NEWS.xml
testmvname/20190522103002_CETV-1中国教育.xml
testmvname/20190522103002_东方卫视高清.xml
testmvname/20190522103002_云南卫视.xml
testmvname/20190522103002_内蒙古卫视.xml
testmvname/20190522103002_吉林卫视.xml
testmvname/20190522103002_四川卫视.xml
testmvname/20190522103002_天津卫视高清.xml
testmvname/20190522103002_宁夏卫视.xml
testmvname/20190522103002_安徽卫视高清.xml
testmvname/20190522103002_山东卫视高清.xml
testmvname/20190522103002_广东卫视高清.xml
testmvname/20190522103002_广西卫视.xml
testmvname/20190522103002_新疆卫视.xml
testmvname/20190522103002_旅游卫视.xml
testmvname/20190522103002_江苏卫视高清.xml
testmvname/20190522103002_江西卫视.xml
testmvname/20190522103002_河北卫视.xml
testmvname/20190522103002_浙江卫视高清.xml
testmvname/20190522103002_深圳卫视高清.xml
testmvname/20190522103002_湖北卫视高清.xml
testmvname/20190522103003_东南卫视.xml
testmvname/20190522103003_湖南公共.xml
testmvname/20190522103003_湖南卫视高清.xml
testmvname/20190522103003_湖南国际频道.xml
testmvname/20190522103003_湖南娱乐.xml
testmvname/20190522103003_湖南教育.xml
testmvname/20190522103003_湖南电视剧.xml
testmvname/20190522103003_湖南经视高清.xml
testmvname/20190522103003_湖南都市.xml
testmvname/20190522103003_湘潭综合.xml
testmvname/20190522103003_潇湘电影.xml
testmvname/20190522103003_炫动卡通.xml
testmvname/20190522103003_西藏卫视.xml
testmvname/20190522103003_贵州卫视.xml
testmvname/20190522103003_辽宁卫视高清.xml
testmvname/20190522103003_金鹰卡通.xml
testmvname/20190522103003_金鹰纪实.xml
testmvname/20190522103003_青海卫视.xml
testmvname/20190522103004_黑龙江卫视高清.xml
testmvname/epg.tar.gz
testshell/
testshell/allsh.tar.gz
testshell/file1.txt
testshell/file10.txt
testshell/file2.txt
testshell/file3.txt
testshell/file4.txt
testshell/file5.txt
testshell/file6.txt
testshell/file7.txt
testshell/file8.txt
testshell/file9.txt
testshell/for_name.sh
testshell/tar.tt

sent 1702775 bytes  received 3007 bytes  3411564.00 bytes/sec
total size is 1692267  speedup is 0.99
sending incremental file list
1000
11.txt
123.txt
15
2019-04-03_disk.log
a.txt
account_ip.sh
bc
canshu1.sh
canshu2.sh
canshu3.sh
canshu4.sh
canshu5.sh
case1.sh
cccc.sh
changename.sh
color.sh
cpvideo.sh
create_user.sh
date.sh
deletemysqldata.sh
df_time.sh
disk.txt
disk_info.sh
dtvs_log_backup.sh
es-index-clear.sh
for1.sh
for2.sh
for3.sh
for4.sh
for_words.sh
ftpdownload.sh
guess.sh
http_code.sh
httpd_mysql.sh
httpd_status.sh
if1.sh
if2.sh
if3.sh
log.log
ls.log
mail.py
mysql_backup.sh
mysql_backup2.sh
mysql_status.sh
network.sh
nginx_http.sh
nginx_ip_count.sh
nohup.out
ping.sh
port.sh
read.sh
rule.sh
split_redis_ip.sh
status.txt
system.sh
t.sh
tar_sh.sh
test.sh
test.txt
total_mem.sh
until1.sh
user.sh
user_file
user_passwd.sh
useradd.sh
web_monitor.sh
while1.sh
who.sh
xcall.sh
xrsync.sh
xssh-copy-id.sh
zhengshu.sh
100practice/
100practice/.log
100practice/1.log
100practice/1.sh
100practice/1.txt
100practice/10.sh
100practice/11.sh
100practice/12.sh
100practice/2.sh
100practice/3.sh
100practice/38.sh
100practice/6.sh
100practice/9.sh
100practice/nohup.out
testmvname/
testmvname/20190522103000_BTV-KAKU少儿.xml
testmvname/20190522103000_北京卫视高清.xml
testmvname/20190522103001_CCTV-10高清.xml
testmvname/20190522103001_CCTV-11戏曲.xml
testmvname/20190522103001_CCTV-12高清.xml
testmvname/20190522103001_CCTV-13新闻.xml
testmvname/20190522103001_CCTV-14高清.xml
testmvname/20190522103001_CCTV-15音乐.xml
testmvname/20190522103001_CCTV-1高清.xml
testmvname/20190522103001_CCTV-2高清.xml
testmvname/20190522103001_CCTV-3高清.xml
testmvname/20190522103001_CCTV-4中文国际.xml
testmvname/20190522103001_CCTV-5+.xml
testmvname/20190522103001_CCTV-5高清.xml
testmvname/20190522103001_CCTV-6高清.xml
testmvname/20190522103001_CCTV-7高清.xml
testmvname/20190522103001_CCTV-8高清.xml
testmvname/20190522103001_CCTV-NEWS.xml
testmvname/20190522103002_CETV-1中国教育.xml
testmvname/20190522103002_东方卫视高清.xml
testmvname/20190522103002_云南卫视.xml
testmvname/20190522103002_内蒙古卫视.xml
testmvname/20190522103002_吉林卫视.xml
testmvname/20190522103002_四川卫视.xml
testmvname/20190522103002_天津卫视高清.xml
testmvname/20190522103002_宁夏卫视.xml
testmvname/20190522103002_安徽卫视高清.xml
testmvname/20190522103002_山东卫视高清.xml
testmvname/20190522103002_广东卫视高清.xml
testmvname/20190522103002_广西卫视.xml
testmvname/20190522103002_新疆卫视.xml
testmvname/20190522103002_旅游卫视.xml
testmvname/20190522103002_江苏卫视高清.xml
testmvname/20190522103002_江西卫视.xml
testmvname/20190522103002_河北卫视.xml
testmvname/20190522103002_浙江卫视高清.xml
testmvname/20190522103002_深圳卫视高清.xml
testmvname/20190522103002_湖北卫视高清.xml
testmvname/20190522103003_东南卫视.xml
testmvname/20190522103003_湖南公共.xml
testmvname/20190522103003_湖南卫视高清.xml
testmvname/20190522103003_湖南国际频道.xml
testmvname/20190522103003_湖南娱乐.xml
testmvname/20190522103003_湖南教育.xml
testmvname/20190522103003_湖南电视剧.xml
testmvname/20190522103003_湖南经视高清.xml
testmvname/20190522103003_湖南都市.xml
testmvname/20190522103003_湘潭综合.xml
testmvname/20190522103003_潇湘电影.xml
testmvname/20190522103003_炫动卡通.xml
testmvname/20190522103003_西藏卫视.xml
testmvname/20190522103003_贵州卫视.xml
testmvname/20190522103003_辽宁卫视高清.xml
testmvname/20190522103003_金鹰卡通.xml
testmvname/20190522103003_金鹰纪实.xml
testmvname/20190522103003_青海卫视.xml
testmvname/20190522103004_黑龙江卫视高清.xml
testmvname/epg.tar.gz
testshell/
testshell/allsh.tar.gz
testshell/file1.txt
testshell/file10.txt
testshell/file2.txt
testshell/file3.txt
testshell/file4.txt
testshell/file5.txt
testshell/file6.txt
testshell/file7.txt
testshell/file8.txt
testshell/file9.txt
testshell/for_name.sh
testshell/tar.tt

sent 1707096 bytes  received 3007 bytes  3420206.00 bytes/sec
total size is 1696588  speedup is 0.99
sending incremental file list
nohup.out
100practice/nohup.out

sent 15058 bytes  received 53 bytes  30222.00 bytes/sec
total size is 1702131  speedup is 112.64
sending incremental file list
11.txt
changename.sh
log.sql
nginx_time_log.sh
nohup.out
100practice/
100practice/1!
100practice/11.sh
100practice/21.sh
100practice/23.sh
100practice/6.sh
100practice/7.sh
100practice/8.sh
100practice/nohup.out
100practice/test.txt
epgfiles/
epgfiles/20190522103000_北京卫视高清.xml
epgfiles/20190522103001_CCTV-10高清.xml
epgfiles/20190522103001_CCTV-11戏曲.xml
epgfiles/20190522103001_CCTV-12高清.xml
epgfiles/20190522103001_CCTV-13新闻.xml
epgfiles/20190522103001_CCTV-14高清.xml
epgfiles/20190522103001_CCTV-15音乐.xml
epgfiles/20190522103001_CCTV-1高清.xml
epgfiles/20190522103001_CCTV-2高清.xml
epgfiles/20190522103001_CCTV-3高清.xml
epgfiles/20190522103001_CCTV-4中文国际.xml
epgfiles/20190522103001_CCTV-5+.xml
epgfiles/20190522103001_CCTV-5高清.xml
epgfiles/20190522103001_CCTV-6高清.xml
epgfiles/20190522103001_CCTV-7高清.xml
epgfiles/20190522103001_CCTV-8高清.xml
epgfiles/20190522103001_CCTV-NEWS.xml
epgfiles/20190522103002_CETV-1中国教育.xml
epgfiles/20190522103002_东方卫视高清.xml
epgfiles/20190522103002_云南卫视.xml
epgfiles/20190522103002_内蒙古卫视.xml
epgfiles/20190522103002_吉林卫视.xml
epgfiles/20190522103002_四川卫视.xml
epgfiles/20190522103002_天津卫视高清.xml
epgfiles/20190522103002_宁夏卫视.xml
epgfiles/20190522103002_安徽卫视高清.xml
epgfiles/20190522103002_山东卫视高清.xml
epgfiles/20190522103002_广东卫视高清.xml
epgfiles/20190522103002_广西卫视.xml
epgfiles/20190522103002_新疆卫视.xml
epgfiles/20190522103002_旅游卫视.xml
epgfiles/20190522103002_江苏卫视高清.xml
epgfiles/20190522103002_江西卫视.xml
epgfiles/20190522103002_河北卫视.xml
epgfiles/20190522103002_浙江卫视高清.xml
epgfiles/20190522103002_深圳卫视高清.xml
epgfiles/20190522103002_湖北卫视高清.xml
epgfiles/20190522103003_东南卫视.xml
epgfiles/20190522103003_湖南公共.xml
epgfiles/20190522103003_湖南卫视高清.xml
epgfiles/20190522103003_湖南国际频道.xml
epgfiles/20190522103003_湖南娱乐.xml
epgfiles/20190522103003_湖南教育.xml
epgfiles/20190522103003_湖南电视剧.xml
epgfiles/20190522103003_湖南经视高清.xml
epgfiles/20190522103003_湖南都市.xml
epgfiles/20190522103003_湘潭综合.xml
epgfiles/20190522103003_潇湘电影.xml
epgfiles/20190522103003_炫动卡通.xml
epgfiles/20190522103003_西藏卫视.xml
epgfiles/20190522103003_贵州卫视.xml
epgfiles/20190522103003_辽宁卫视高清.xml
epgfiles/20190522103003_金鹰卡通.xml
epgfiles/20190522103003_金鹰纪实.xml
epgfiles/20190522103003_青海卫视.xml
epgfiles/20190522103004_黑龙江卫视高清.xml
epgfiles/BTV-KAKU少儿.xml
epgfiles/epg.tar.gz
testshell/allsh.tar.gz

sent 1867745 bytes  received 1408 bytes  3738306.00 bytes/sec
total size is 1888559  speedup is 1.01
